<?xml version="1.0" encoding="UTF-8"?>
<coverage generated="1552559964679" clover="3.2.0">
  <project timestamp="1552559964680" name="All files">
    <metrics statements="49" coveredstatements="41" conditionals="2" coveredconditionals="2" methods="12" coveredmethods="6" elements="63" coveredelements="49" complexity="0" loc="49" ncloc="49" packages="4" files="7" classes="7">
      <package name="article">
        <metrics statements="4" coveredstatements="4" conditionals="0" coveredconditionals="0" methods="0" coveredmethods="0"/>
        <file name="article.controller.ts" path="C:\Users\romai\OneDrive\Documents\YNOV\WebFullStack\Cours 5 - Nicolas Remise\Blog\blog-rdjd-2\src\article\article.controller.ts">
          <metrics statements="2" coveredstatements="2" conditionals="0" coveredconditionals="0" methods="0" coveredmethods="0"/>
          <line num="1" count="1" type="stmt"/>
          <line num="4" count="1" type="stmt"/>
        </file>
        <file name="article.service.ts" path="C:\Users\romai\OneDrive\Documents\YNOV\WebFullStack\Cours 5 - Nicolas Remise\Blog\blog-rdjd-2\src\article\article.service.ts">
          <metrics statements="2" coveredstatements="2" conditionals="0" coveredconditionals="0" methods="0" coveredmethods="0"/>
          <line num="1" count="1" type="stmt"/>
          <line num="4" count="1" type="stmt"/>
        </file>
      </package>
      <package name="user">
        <metrics statements="26" coveredstatements="18" conditionals="0" coveredconditionals="0" methods="10" coveredmethods="4"/>
        <file name="user.controller.ts" path="C:\Users\romai\OneDrive\Documents\YNOV\WebFullStack\Cours 5 - Nicolas Remise\Blog\blog-rdjd-2\src\user\user.controller.ts">
          <metrics statements="13" coveredstatements="10" conditionals="0" coveredconditionals="0" methods="5" coveredmethods="2"/>
          <line num="1" count="1" type="stmt"/>
          <line num="2" count="1" type="stmt"/>
          <line num="4" count="1" type="stmt"/>
          <line num="11" count="1" type="stmt"/>
          <line num="12" count="1" type="stmt"/>
          <line num="22" count="1" type="stmt"/>
          <line num="23" count="1" type="stmt"/>
          <line num="30" count="1" type="stmt"/>
          <line num="31" count="0" type="stmt"/>
          <line num="34" count="1" type="stmt"/>
          <line num="35" count="0" type="stmt"/>
          <line num="38" count="1" type="stmt"/>
          <line num="39" count="0" type="stmt"/>
        </file>
        <file name="user.repository.ts" path="C:\Users\romai\OneDrive\Documents\YNOV\WebFullStack\Cours 5 - Nicolas Remise\Blog\blog-rdjd-2\src\user\user.repository.ts">
          <metrics statements="3" coveredstatements="3" conditionals="0" coveredconditionals="0" methods="0" coveredmethods="0"/>
          <line num="1" count="2" type="stmt"/>
          <line num="2" count="2" type="stmt"/>
          <line num="5" count="2" type="stmt"/>
        </file>
        <file name="user.service.ts" path="C:\Users\romai\OneDrive\Documents\YNOV\WebFullStack\Cours 5 - Nicolas Remise\Blog\blog-rdjd-2\src\user\user.service.ts">
          <metrics statements="10" coveredstatements="5" conditionals="0" coveredconditionals="0" methods="5" coveredmethods="2"/>
          <line num="1" count="2" type="stmt"/>
          <line num="3" count="2" type="stmt"/>
          <line num="6" count="2" type="stmt"/>
          <line num="9" count="1" type="stmt"/>
          <line num="19" count="1" type="stmt"/>
          <line num="30" count="0" type="stmt"/>
          <line num="31" count="0" type="stmt"/>
          <line num="35" count="0" type="stmt"/>
          <line num="36" count="0" type="stmt"/>
          <line num="48" count="0" type="stmt"/>
        </file>
      </package>
      <package name="user.entity">
        <metrics statements="15" coveredstatements="15" conditionals="0" coveredconditionals="0" methods="1" coveredmethods="1"/>
        <file name="user.entity.ts" path="C:\Users\romai\OneDrive\Documents\YNOV\WebFullStack\Cours 5 - Nicolas Remise\Blog\blog-rdjd-2\src\user\entity\user.entity.ts">
          <metrics statements="15" coveredstatements="15" conditionals="0" coveredconditionals="0" methods="1" coveredmethods="1"/>
          <line num="1" count="2" type="stmt"/>
          <line num="11" count="2" type="stmt"/>
          <line num="14" count="2" type="stmt"/>
          <line num="16" count="2" type="stmt"/>
          <line num="19" count="2" type="stmt"/>
          <line num="22" count="2" type="stmt"/>
          <line num="25" count="2" type="stmt"/>
          <line num="28" count="2" type="stmt"/>
          <line num="31" count="2" type="stmt"/>
          <line num="34" count="2" type="stmt"/>
          <line num="39" count="12" type="stmt"/>
          <line num="42" count="2" type="stmt"/>
          <line num="45" count="2" type="stmt"/>
          <line num="48" count="2" type="stmt"/>
          <line num="50" count="2" type="stmt"/>
        </file>
      </package>
      <package name="user.titre">
        <metrics statements="4" coveredstatements="4" conditionals="2" coveredconditionals="2" methods="1" coveredmethods="1"/>
        <file name="user-category.enum.ts" path="C:\Users\romai\OneDrive\Documents\YNOV\WebFullStack\Cours 5 - Nicolas Remise\Blog\blog-rdjd-2\src\user\titre\user-category.enum.ts">
          <metrics statements="4" coveredstatements="4" conditionals="2" coveredconditionals="2" methods="1" coveredmethods="1"/>
          <line num="1" count="2" type="cond" truecount="2" falsecount="0"/>
          <line num="2" count="2" type="stmt"/>
          <line num="3" count="2" type="stmt"/>
          <line num="4" count="2" type="stmt"/>
        </file>
      </package>
    </metrics>
  </project>
</coverage>
