{"C:\\Users\\romai\\OneDrive\\Documents\\YNOV\\WebFullStack\\Cours 5 - Nicolas Remise\\Blog\\blog-rdjd-2\\src\\article\\article.controller.ts": {"path":"C:\\Users\\romai\\OneDrive\\Documents\\YNOV\\WebFullStack\\Cours 5 - Nicolas Remise\\Blog\\blog-rdjd-2\\src\\article\\article.controller.ts","statementMap":{"0":{"start":{"line":1,"column":0},"end":{"line":1,"column":43}},"1":{"start":{"line":4,"column":0},"end":{"line":4,"column":33}},"2":{"start":{"line":4,"column":13},"end":{"line":4,"column":33}},"3":{"start":{"line":4,"column":13},"end":{"line":4,"column":30}}},"fnMap":{},"branchMap":{},"s":{"0":1,"1":1,"2":1,"3":1},"f":{},"b":{}}
,"C:\\Users\\romai\\OneDrive\\Documents\\YNOV\\WebFullStack\\Cours 5 - Nicolas Remise\\Blog\\blog-rdjd-2\\src\\article\\article.service.ts": {"path":"C:\\Users\\romai\\OneDrive\\Documents\\YNOV\\WebFullStack\\Cours 5 - Nicolas Remise\\Blog\\blog-rdjd-2\\src\\article\\article.service.ts","statementMap":{"0":{"start":{"line":1,"column":0},"end":{"line":1,"column":43}},"1":{"start":{"line":4,"column":0},"end":{"line":4,"column":30}},"2":{"start":{"line":4,"column":13},"end":{"line":4,"column":30}},"3":{"start":{"line":4,"column":13},"end":{"line":4,"column":27}}},"fnMap":{},"branchMap":{},"s":{"0":1,"1":1,"2":1,"3":1},"f":{},"b":{}}
,"C:\\Users\\romai\\OneDrive\\Documents\\YNOV\\WebFullStack\\Cours 5 - Nicolas Remise\\Blog\\blog-rdjd-2\\src\\user\\user.controller.ts": {"path":"C:\\Users\\romai\\OneDrive\\Documents\\YNOV\\WebFullStack\\Cours 5 - Nicolas Remise\\Blog\\blog-rdjd-2\\src\\user\\user.controller.ts","statementMap":{"0":{"start":{"line":1,"column":0},"end":{"line":1,"column":92}},"1":{"start":{"line":2,"column":0},"end":{"line":2,"column":93}},"2":{"start":{"line":4,"column":0},"end":{"line":4,"column":44}},"3":{"start":{"line":11,"column":0},"end":{"line":41,"column":1}},"4":{"start":{"line":12,"column":31},"end":{"line":12,"column":55}},"5":{"start":{"line":23,"column":4},"end":{"line":23,"column":40}},"6":{"start":{"line":31,"column":4},"end":{"line":31,"column":45}},"7":{"start":{"line":35,"column":4},"end":{"line":35,"column":43}},"8":{"start":{"line":39,"column":4},"end":{"line":39,"column":45}},"9":{"start":{"line":22,"column":2},"end":{"line":24,"column":3}},"10":{"start":{"line":30,"column":2},"end":{"line":32,"column":3}},"11":{"start":{"line":34,"column":2},"end":{"line":36,"column":3}},"12":{"start":{"line":38,"column":2},"end":{"line":40,"column":3}},"13":{"start":{"line":11,"column":13},"end":{"line":41,"column":1}},"14":{"start":{"line":11,"column":13},"end":{"line":11,"column":27}}},"fnMap":{"0":{"name":"(anonymous_10)","decl":{"start":{"line":12,"column":2},"end":{"line":12,"column":30}},"loc":{"start":{"line":12,"column":55},"end":{"line":12,"column":59}}},"1":{"name":"(anonymous_11)","decl":{"start":{"line":22,"column":8},"end":{"line":22,"column":14}},"loc":{"start":{"line":22,"column":39},"end":{"line":24,"column":3}}},"2":{"name":"(anonymous_13)","decl":{"start":{"line":30,"column":8},"end":{"line":30,"column":17}},"loc":{"start":{"line":30,"column":70},"end":{"line":32,"column":3}}},"3":{"name":"(anonymous_15)","decl":{"start":{"line":34,"column":8},"end":{"line":34,"column":17}},"loc":{"start":{"line":34,"column":42},"end":{"line":36,"column":3}}},"4":{"name":"(anonymous_17)","decl":{"start":{"line":38,"column":8},"end":{"line":38,"column":14}},"loc":{"start":{"line":38,"column":67},"end":{"line":40,"column":3}}}},"branchMap":{},"s":{"0":1,"1":1,"2":1,"3":1,"4":1,"5":1,"6":0,"7":0,"8":0,"9":1,"10":1,"11":1,"12":1,"13":1,"14":1},"f":{"0":1,"1":1,"2":0,"3":0,"4":0},"b":{}}
,"C:\\Users\\romai\\OneDrive\\Documents\\YNOV\\WebFullStack\\Cours 5 - Nicolas Remise\\Blog\\blog-rdjd-2\\src\\user\\user.repository.ts": {"path":"C:\\Users\\romai\\OneDrive\\Documents\\YNOV\\WebFullStack\\Cours 5 - Nicolas Remise\\Blog\\blog-rdjd-2\\src\\user\\user.repository.ts","statementMap":{"0":{"start":{"line":1,"column":0},"end":{"line":1,"column":54}},"1":{"start":{"line":2,"column":0},"end":{"line":2,"column":43}},"2":{"start":{"line":5,"column":0},"end":{"line":5,"column":55}},"3":{"start":{"line":5,"column":13},"end":{"line":5,"column":55}},"4":{"start":{"line":5,"column":13},"end":{"line":5,"column":27}}},"fnMap":{},"branchMap":{},"s":{"0":2,"1":2,"2":2,"3":2,"4":2},"f":{},"b":{}}
,"C:\\Users\\romai\\OneDrive\\Documents\\YNOV\\WebFullStack\\Cours 5 - Nicolas Remise\\Blog\\blog-rdjd-2\\src\\user\\user.service.ts": {"path":"C:\\Users\\romai\\OneDrive\\Documents\\YNOV\\WebFullStack\\Cours 5 - Nicolas Remise\\Blog\\blog-rdjd-2\\src\\user\\user.service.ts","statementMap":{"0":{"start":{"line":1,"column":0},"end":{"line":1,"column":51}},"1":{"start":{"line":3,"column":0},"end":{"line":3,"column":50}},"2":{"start":{"line":6,"column":0},"end":{"line":50,"column":1}},"3":{"start":{"line":9,"column":45},"end":{"line":9,"column":75}},"4":{"start":{"line":19,"column":4},"end":{"line":19,"column":43}},"5":{"start":{"line":30,"column":4},"end":{"line":30,"column":61}},"6":{"start":{"line":31,"column":4},"end":{"line":31,"column":47}},"7":{"start":{"line":35,"column":17},"end":{"line":35,"column":54}},"8":{"start":{"line":36,"column":4},"end":{"line":36,"column":44}},"9":{"start":{"line":48,"column":4},"end":{"line":48,"column":52}},"10":{"start":{"line":6,"column":13},"end":{"line":50,"column":1}},"11":{"start":{"line":6,"column":13},"end":{"line":6,"column":24}}},"fnMap":{"0":{"name":"(anonymous_10)","decl":{"start":{"line":8,"column":2},"end":{"line":9,"column":44}},"loc":{"start":{"line":9,"column":75},"end":{"line":10,"column":6}}},"1":{"name":"(anonymous_11)","decl":{"start":{"line":18,"column":8},"end":{"line":18,"column":14}},"loc":{"start":{"line":18,"column":26},"end":{"line":20,"column":3}}},"2":{"name":"(anonymous_13)","decl":{"start":{"line":29,"column":8},"end":{"line":29,"column":14}},"loc":{"start":{"line":29,"column":50},"end":{"line":32,"column":3}}},"3":{"name":"(anonymous_15)","decl":{"start":{"line":34,"column":8},"end":{"line":34,"column":17}},"loc":{"start":{"line":34,"column":29},"end":{"line":37,"column":3}}},"4":{"name":"(anonymous_17)","decl":{"start":{"line":47,"column":8},"end":{"line":47,"column":14}},"loc":{"start":{"line":47,"column":46},"end":{"line":49,"column":3}}}},"branchMap":{},"s":{"0":2,"1":2,"2":2,"3":1,"4":1,"5":0,"6":0,"7":0,"8":0,"9":0,"10":2,"11":2},"f":{"0":1,"1":1,"2":0,"3":0,"4":0},"b":{}}
,"C:\\Users\\romai\\OneDrive\\Documents\\YNOV\\WebFullStack\\Cours 5 - Nicolas Remise\\Blog\\blog-rdjd-2\\src\\user\\entity\\user.entity.ts": {"path":"C:\\Users\\romai\\OneDrive\\Documents\\YNOV\\WebFullStack\\Cours 5 - Nicolas Remise\\Blog\\blog-rdjd-2\\src\\user\\entity\\user.entity.ts","statementMap":{"0":{"start":{"line":1,"column":0},"end":{"line":7,"column":16}},"1":{"start":{"line":11,"column":0},"end":{"line":11,"column":58}},"2":{"start":{"line":14,"column":0},"end":{"line":52,"column":1}},"3":{"start":{"line":16,"column":2},"end":{"line":16,"column":17}},"4":{"start":{"line":19,"column":2},"end":{"line":19,"column":22}},"5":{"start":{"line":22,"column":2},"end":{"line":22,"column":16}},"6":{"start":{"line":25,"column":2},"end":{"line":25,"column":16}},"7":{"start":{"line":28,"column":2},"end":{"line":28,"column":20}},"8":{"start":{"line":31,"column":2},"end":{"line":31,"column":19}},"9":{"start":{"line":34,"column":2},"end":{"line":34,"column":22}},"10":{"start":{"line":42,"column":2},"end":{"line":42,"column":25}},"11":{"start":{"line":39,"column":48},"end":{"line":39,"column":66}},"12":{"start":{"line":45,"column":2},"end":{"line":45,"column":19}},"13":{"start":{"line":48,"column":2},"end":{"line":48,"column":16}},"14":{"start":{"line":50,"column":2},"end":{"line":50,"column":17}},"15":{"start":{"line":14,"column":13},"end":{"line":52,"column":1}},"16":{"start":{"line":14,"column":13},"end":{"line":14,"column":17}}},"fnMap":{"0":{"name":"(anonymous_2)","decl":{"start":{"line":39,"column":40},"end":{"line":39,"column":43}},"loc":{"start":{"line":39,"column":48},"end":{"line":39,"column":66}}}},"branchMap":{},"s":{"0":2,"1":2,"2":2,"3":2,"4":2,"5":2,"6":2,"7":2,"8":2,"9":2,"10":2,"11":12,"12":2,"13":2,"14":2,"15":2,"16":2},"f":{"0":12},"b":{}}
,"C:\\Users\\romai\\OneDrive\\Documents\\YNOV\\WebFullStack\\Cours 5 - Nicolas Remise\\Blog\\blog-rdjd-2\\src\\user\\titre\\user-category.enum.ts": {"path":"C:\\Users\\romai\\OneDrive\\Documents\\YNOV\\WebFullStack\\Cours 5 - Nicolas Remise\\Blog\\blog-rdjd-2\\src\\user\\titre\\user-category.enum.ts","statementMap":{"0":{"start":{"line":1,"column":0},"end":{"line":5,"column":3}},"1":{"start":{"line":2,"column":4},"end":{"line":2,"column":10}},"2":{"start":{"line":3,"column":4},"end":{"line":3,"column":9}},"3":{"start":{"line":4,"column":4},"end":{"line":4,"column":12}}},"fnMap":{"0":{"name":"(anonymous_0)","decl":{"start":{"line":1,"column":0},"end":{"line":1,"column":11}},"loc":{"start":{"line":1,"column":24},"end":{"line":5,"column":3}}}},"branchMap":{"0":{"loc":{"start":{"line":1,"column":12},"end":{"line":1,"column":24}},"type":"binary-expr","locations":[{"start":{"line":1,"column":12},"end":{"line":1,"column":24}},{"start":{"line":1,"column":12},"end":{"line":1,"column":24}}]}},"s":{"0":2,"1":2,"2":2,"3":2},"f":{"0":2},"b":{"0":[2,2]}}
}
