TN:
SF:C:\Users\romai\OneDrive\Documents\YNOV\WebFullStack\Cours 5 - Nicolas Remise\Blog\blog-rdjd-2\src\article\article.controller.ts
FNF:0
FNH:0
DA:1,1
DA:4,1
LF:2
LH:2
BRF:0
BRH:0
end_of_record
TN:
SF:C:\Users\romai\OneDrive\Documents\YNOV\WebFullStack\Cours 5 - Nicolas Remise\Blog\blog-rdjd-2\src\article\article.service.ts
FNF:0
FNH:0
DA:1,1
DA:4,1
LF:2
LH:2
BRF:0
BRH:0
end_of_record
TN:
SF:C:\Users\romai\OneDrive\Documents\YNOV\WebFullStack\Cours 5 - Nicolas Remise\Blog\blog-rdjd-2\src\user\user.controller.ts
FN:12,(anonymous_10)
FN:22,(anonymous_11)
FN:30,(anonymous_13)
FN:34,(anonymous_15)
FN:38,(anonymous_17)
FNF:5
FNH:2
FNDA:1,(anonymous_10)
FNDA:1,(anonymous_11)
FNDA:0,(anonymous_13)
FNDA:0,(anonymous_15)
FNDA:0,(anonymous_17)
DA:1,1
DA:2,1
DA:4,1
DA:11,1
DA:12,1
DA:22,1
DA:23,1
DA:30,1
DA:31,0
DA:34,1
DA:35,0
DA:38,1
DA:39,0
LF:13
LH:10
BRF:0
BRH:0
end_of_record
TN:
SF:C:\Users\romai\OneDrive\Documents\YNOV\WebFullStack\Cours 5 - Nicolas Remise\Blog\blog-rdjd-2\src\user\user.repository.ts
FNF:0
FNH:0
DA:1,2
DA:2,2
DA:5,2
LF:3
LH:3
BRF:0
BRH:0
end_of_record
TN:
SF:C:\Users\romai\OneDrive\Documents\YNOV\WebFullStack\Cours 5 - Nicolas Remise\Blog\blog-rdjd-2\src\user\user.service.ts
FN:8,(anonymous_10)
FN:18,(anonymous_11)
FN:29,(anonymous_13)
FN:34,(anonymous_15)
FN:47,(anonymous_17)
FNF:5
FNH:2
FNDA:1,(anonymous_10)
FNDA:1,(anonymous_11)
FNDA:0,(anonymous_13)
FNDA:0,(anonymous_15)
FNDA:0,(anonymous_17)
DA:1,2
DA:3,2
DA:6,2
DA:9,1
DA:19,1
DA:30,0
DA:31,0
DA:35,0
DA:36,0
DA:48,0
LF:10
LH:5
BRF:0
BRH:0
end_of_record
TN:
SF:C:\Users\romai\OneDrive\Documents\YNOV\WebFullStack\Cours 5 - Nicolas Remise\Blog\blog-rdjd-2\src\user\entity\user.entity.ts
FN:39,(anonymous_2)
FNF:1
FNH:1
FNDA:12,(anonymous_2)
DA:1,2
DA:11,2
DA:14,2
DA:16,2
DA:19,2
DA:22,2
DA:25,2
DA:28,2
DA:31,2
DA:34,2
DA:39,12
DA:42,2
DA:45,2
DA:48,2
DA:50,2
LF:15
LH:15
BRF:0
BRH:0
end_of_record
TN:
SF:C:\Users\romai\OneDrive\Documents\YNOV\WebFullStack\Cours 5 - Nicolas Remise\Blog\blog-rdjd-2\src\user\titre\user-category.enum.ts
FN:1,(anonymous_0)
FNF:1
FNH:1
FNDA:2,(anonymous_0)
DA:1,2
DA:2,2
DA:3,2
DA:4,2
LF:4
LH:4
BRDA:1,0,0,2
BRDA:1,0,1,2
BRF:2
BRH:2
end_of_record
